2026-04-20 16:14:25,504 - main - INFO - 开始处理购票请求 - 游客ID: 1, 景点ID: 9, 数量: 1
2026-04-20 16:14:25,504 - main - INFO - 开始处理购票请求 - 游客ID: 1, 景点ID: 9, 数量: 1
2026-04-20 16:14:25,504 - main - INFO - 开始处理购票请求 - 游客ID: 1, 景点ID: 9, 数量: 1
2026-04-20 16:14:25,504 - main - INFO - 开始处理购票请求 - 游客ID: 1, 景点ID: 9, 数量: 1
2026-04-20 16:14:25,504 - main - INFO - 开始处理购票请求 - 游客ID: 1, 景点ID: 9, 数量: 1
2026-04-20 16:14:25,505 - main - INFO - 开始处理购票请求 - 游客ID: 1, 景点ID: 9, 数量: 1
2026-04-20 16:14:25,505 - main - INFO - 开始处理购票请求 - 游客ID: 1, 景点ID: 9, 数量: 1
2026-04-20 16:14:25,506 - main - INFO - 开始处理购票请求 - 游客ID: 1, 景点ID: 9, 数量: 1
2026-04-20 16:14:25,506 - main - INFO - 开始处理购票请求 - 游客ID: 1, 景点ID: 9, 数量: 1
2026-04-20 16:14:25,506 - main - INFO - 开始处理购票请求 - 游客ID: 1, 景点ID: 9, 数量: 1
2026-04-20 16:14:25,509 - main - INFO - 开始数据库事务 - 景点 测试景点 当前库存: 5
2026-04-20 16:14:25,511 - main - INFO - 开始数据库事务 - 景点 测试景点 当前库存: 5
2026-04-20 16:14:25,512 - main - INFO - 开始数据库事务 - 景点 测试景点 当前库存: 5
2026-04-20 16:14:25,513 - main - INFO - 开始数据库事务 - 景点 测试景点 当前库存: 5
2026-04-20 16:14:25,513 - main - INFO - 扣减库存 - 景点: 测试景点, 扣减数量: 1, 剩余: 4
2026-04-20 16:14:25,513 - main - INFO - 开始数据库事务 - 景点 测试景点 当前库存: 5
2026-04-20 16:14:25,513 - main - INFO - 扣减库存 - 景点: 测试景点, 扣减数量: 1, 剩余: 4
2026-04-20 16:14:25,513 - main - INFO - 开始数据库事务 - 景点 测试景点 当前库存: 5
2026-04-20 16:14:25,513 - main - INFO - 开始数据库事务 - 景点 测试景点 当前库存: 5
2026-04-20 16:14:25,513 - main - INFO - 扣减库存 - 景点: 测试景点, 扣减数量: 1, 剩余: 4
2026-04-20 16:14:25,515 - main - INFO - 扣减库存 - 景点: 测试景点, 扣减数量: 1, 剩余: 4
2026-04-20 16:14:25,515 - main - INFO - 开始数据库事务 - 景点 测试景点 当前库存: 5
2026-04-20 16:14:25,515 - main - INFO - 开始数据库事务 - 景点 测试景点 当前库存: 5
2026-04-20 16:14:25,515 - main - INFO - 开始数据库事务 - 景点 测试景点 当前库存: 5
2026-04-20 16:14:25,515 - main - INFO - 扣减库存 - 景点: 测试景点, 扣减数量: 1, 剩余: 4
2026-04-20 16:14:25,517 - main - INFO - 扣减库存 - 景点: 测试景点, 扣减数量: 1, 剩余: 4
2026-04-20 16:14:25,517 - main - INFO - 扣减库存 - 景点: 测试景点, 扣减数量: 1, 剩余: 4
2026-04-20 16:14:25,518 - main - INFO - 扣减库存 - 景点: 测试景点, 扣减数量: 1, 剩余: 4
2026-04-20 16:14:25,518 - main - INFO - 扣减库存 - 景点: 测试景点, 扣减数量: 1, 剩余: 4
2026-04-20 16:14:25,518 - main - INFO - 扣减库存 - 景点: 测试景点, 扣减数量: 1, 剩余: 4
2026-04-20 16:14:25,544 - main - INFO - 订单创建成功 - 订单号: 6724fef5-e2e3-4242-a49c-d503ce9f81b6, 游客: 测试游客, 景点: 测试景点, 数量: 1, 总价: 100.0
2026-04-20 16:14:25,545 - main - INFO - 支付成功 - 订单号: 6724fef5-e2e3-4242-a49c-d503ce9f81b6, 支付时间: 2026-04-20 08:14:25.515420
2026-04-20 16:14:25,571 - main - INFO - 订单创建成功 - 订单号: 09315186-c442-4c98-a636-df26d0db8651, 游客: 测试游客, 景点: 测试景点, 数量: 1, 总价: 100.0
2026-04-20 16:14:25,571 - main - INFO - 支付成功 - 订单号: 09315186-c442-4c98-a636-df26d0db8651, 支付时间: 2026-04-20 08:14:25.520172
2026-04-20 16:14:25,603 - main - INFO - 订单创建成功 - 订单号: cc9c380f-af52-4834-bcb4-d7c462193966, 游客: 测试游客, 景点: 测试景点, 数量: 1, 总价: 100.0
2026-04-20 16:14:25,604 - main - INFO - 支付成功 - 订单号: cc9c380f-af52-4834-bcb4-d7c462193966, 支付时间: 2026-04-20 08:14:25.520172
2026-04-20 16:14:25,635 - main - INFO - 订单创建成功 - 订单号: b6d86696-5044-4486-bfc6-302fc718f0a6, 游客: 测试游客, 景点: 测试景点, 数量: 1, 总价: 100.0
2026-04-20 16:14:25,635 - main - INFO - 支付成功 - 订单号: b6d86696-5044-4486-bfc6-302fc718f0a6, 支付时间: 2026-04-20 08:14:25.518972
2026-04-20 16:14:25,664 - main - INFO - 订单创建成功 - 订单号: fab6d5e2-d113-4018-9c67-dbc4bbcbe2be, 游客: 测试游客, 景点: 测试景点, 数量: 1, 总价: 100.0
2026-04-20 16:14:25,664 - main - INFO - 支付成功 - 订单号: fab6d5e2-d113-4018-9c67-dbc4bbcbe2be, 支付时间: 2026-04-20 08:14:25.518972
2026-04-20 16:14:25,696 - main - INFO - 订单创建成功 - 订单号: 3c51a4fc-459f-46f0-a185-09ce9186c6de, 游客: 测试游客, 景点: 测试景点, 数量: 1, 总价: 100.0
2026-04-20 16:14:25,697 - main - INFO - 支付成功 - 订单号: 3c51a4fc-459f-46f0-a185-09ce9186c6de, 支付时间: 2026-04-20 08:14:25.518972
2026-04-20 16:14:25,741 - main - INFO - 订单创建成功 - 订单号: 465d7fd5-05ae-41a7-ada0-478383586009, 游客: 测试游客, 景点: 测试景点, 数量: 1, 总价: 100.0
2026-04-20 16:14:25,742 - main - INFO - 支付成功 - 订单号: 465d7fd5-05ae-41a7-ada0-478383586009, 支付时间: 2026-04-20 08:14:25.520172
2026-04-20 16:14:25,779 - main - INFO - 订单创建成功 - 订单号: 9c2f17c1-294c-45a2-953d-33a3d416674f, 游客: 测试游客, 景点: 测试景点, 数量: 1, 总价: 100.0
2026-04-20 16:14:25,779 - main - INFO - 支付成功 - 订单号: 9c2f17c1-294c-45a2-953d-33a3d416674f, 支付时间: 2026-04-20 08:14:25.516971
2026-04-20 16:14:25,811 - main - INFO - 订单创建成功 - 订单号: 46ed6975-943e-4dcd-9d03-e49a164579a1, 游客: 测试游客, 景点: 测试景点, 数量: 1, 总价: 100.0
2026-04-20 16:14:25,811 - main - INFO - 支付成功 - 订单号: 46ed6975-943e-4dcd-9d03-e49a164579a1, 支付时间: 2026-04-20 08:14:25.520172
2026-04-20 16:14:25,836 - main - INFO - 订单创建成功 - 订单号: 8ac31192-1045-4708-8638-b2d000810988, 游客: 测试游客, 景点: 测试景点, 数量: 1, 总价: 100.0
2026-04-20 16:14:25,836 - main - INFO - 支付成功 - 订单号: 8ac31192-1045-4708-8638-b2d000810988, 支付时间: 2026-04-20 08:14:25.517972
2026-04-20 16:19:26,662 - main - INFO - 开始处理购票请求 - 游客ID: 1, 景点ID: 9, 数量: 1
2026-04-20 16:19:26,662 - main - INFO - 开始处理购票请求 - 游客ID: 1, 景点ID: 9, 数量: 1
2026-04-20 16:19:26,662 - main - INFO - 开始处理购票请求 - 游客ID: 1, 景点ID: 9, 数量: 1
2026-04-20 16:19:26,662 - main - INFO - 开始处理购票请求 - 游客ID: 1, 景点ID: 9, 数量: 1
2026-04-20 16:19:26,662 - main - INFO - 开始处理购票请求 - 游客ID: 1, 景点ID: 9, 数量: 1
2026-04-20 16:19:26,663 - main - INFO - 开始处理购票请求 - 游客ID: 1, 景点ID: 9, 数量: 1
2026-04-20 16:19:26,663 - main - INFO - 开始处理购票请求 - 游客ID: 1, 景点ID: 9, 数量: 1
2026-04-20 16:19:26,664 - main - INFO - 开始处理购票请求 - 游客ID: 1, 景点ID: 9, 数量: 1
2026-04-20 16:19:26,665 - main - INFO - 开始处理购票请求 - 游客ID: 1, 景点ID: 9, 数量: 1
2026-04-20 16:19:26,665 - main - INFO - 开始处理购票请求 - 游客ID: 1, 景点ID: 9, 数量: 1
2026-04-20 16:19:26,666 - main - INFO - 开始数据库事务 - 景点 测试景点 当前库存: 5
2026-04-20 16:19:26,667 - main - INFO - 开始数据库事务 - 景点 测试景点 当前库存: 5
2026-04-20 16:19:26,668 - main - INFO - 开始数据库事务 - 景点 测试景点 当前库存: 5
2026-04-20 16:19:26,672 - main - INFO - 开始数据库事务 - 景点 测试景点 当前库存: 5
2026-04-20 16:19:26,672 - main - INFO - 开始数据库事务 - 景点 测试景点 当前库存: 5
2026-04-20 16:19:26,673 - main - INFO - 开始数据库事务 - 景点 测试景点 当前库存: 5
2026-04-20 16:19:26,673 - main - INFO - 开始数据库事务 - 景点 测试景点 当前库存: 5
2026-04-20 16:19:26,673 - main - INFO - 开始数据库事务 - 景点 测试景点 当前库存: 5
2026-04-20 16:19:26,675 - main - INFO - 开始数据库事务 - 景点 测试景点 当前库存: 5
2026-04-20 16:19:26,675 - main - INFO - 开始数据库事务 - 景点 测试景点 当前库存: 5
2026-04-20 16:19:26,675 - main - INFO - 扣减库存 - 景点: 测试景点, 扣减数量: 1, 剩余: 4
2026-04-20 16:19:26,705 - main - INFO - 订单创建成功 - 订单号: f2f2e207-7c3b-468f-81d9-ec59ee83c34c, 游客: 测试游客, 景点: 测试景点, 数量: 1, 总价: 100.0
2026-04-20 16:19:26,705 - main - INFO - 支付成功 - 订单号: f2f2e207-7c3b-468f-81d9-ec59ee83c34c, 支付时间: 2026-04-20 08:19:26.677191
2026-04-20 16:19:26,708 - main - INFO - 扣减库存 - 景点: 测试景点, 扣减数量: 1, 剩余: 3
2026-04-20 16:19:26,741 - main - INFO - 订单创建成功 - 订单号: 69a86bed-3cbe-42e8-bd8d-b99b4b9f687f, 游客: 测试游客, 景点: 测试景点, 数量: 1, 总价: 100.0
2026-04-20 16:19:26,741 - main - INFO - 支付成功 - 订单号: 69a86bed-3cbe-42e8-bd8d-b99b4b9f687f, 支付时间: 2026-04-20 08:19:26.708362
2026-04-20 16:19:26,755 - main - INFO - 扣减库存 - 景点: 测试景点, 扣减数量: 1, 剩余: 2
2026-04-20 16:19:26,787 - main - INFO - 订单创建成功 - 订单号: aea51685-e9dd-4bfc-89e1-bb8a399229a8, 游客: 测试游客, 景点: 测试景点, 数量: 1, 总价: 100.0
2026-04-20 16:19:26,788 - main - INFO - 支付成功 - 订单号: aea51685-e9dd-4bfc-89e1-bb8a399229a8, 支付时间: 2026-04-20 08:19:26.755086
2026-04-20 16:19:26,800 - main - INFO - 扣减库存 - 景点: 测试景点, 扣减数量: 1, 剩余: 1
2026-04-20 16:19:26,825 - main - INFO - 订单创建成功 - 订单号: 80cfa3e1-057d-4e09-af7a-844a7dc1d65c, 游客: 测试游客, 景点: 测试景点, 数量: 1, 总价: 100.0
2026-04-20 16:19:26,827 - main - INFO - 支付成功 - 订单号: 80cfa3e1-057d-4e09-af7a-844a7dc1d65c, 支付时间: 2026-04-20 08:19:26.802096
2026-04-20 16:19:26,833 - main - INFO - 扣减库存 - 景点: 测试景点, 扣减数量: 1, 剩余: 0
2026-04-20 16:19:26,865 - main - INFO - 订单创建成功 - 订单号: c9566fb2-e510-4d0f-b501-d9f611e93b4f, 游客: 测试游客, 景点: 测试景点, 数量: 1, 总价: 100.0
2026-04-20 16:19:26,866 - main - INFO - 支付成功 - 订单号: c9566fb2-e510-4d0f-b501-d9f611e93b4f, 支付时间: 2026-04-20 08:19:26.833502
2026-04-20 16:19:26,877 - main - ERROR - 库存不足 - 景点: 测试景点, 需求: 1, 可用: 0
2026-04-20 16:19:26,901 - main - ERROR - 订单创建失败 - 订单号: bf8b25d0-3738-498a-a896-e8d52ea7adf7, 原因: 库存不足
2026-04-20 16:19:26,908 - main - ERROR - 库存不足 - 景点: 测试景点, 需求: 1, 可用: 0
2026-04-20 16:19:26,948 - main - ERROR - 订单创建失败 - 订单号: 1dc3d943-81b2-406d-ab13-62cd2e4352f9, 原因: 库存不足
2026-04-20 16:19:26,956 - main - ERROR - 库存不足 - 景点: 测试景点, 需求: 1, 可用: 0
2026-04-20 16:19:26,987 - main - ERROR - 订单创建失败 - 订单号: 31f4a020-fcd3-4393-a01b-2b71a0bfee2f, 原因: 库存不足
2026-04-20 16:19:27,002 - main - ERROR - 库存不足 - 景点: 测试景点, 需求: 1, 可用: 0
2026-04-20 16:19:27,039 - main - ERROR - 订单创建失败 - 订单号: fc11fd81-6a62-4044-8727-604576bb693c, 原因: 库存不足
2026-04-20 16:19:27,065 - main - ERROR - 库存不足 - 景点: 测试景点, 需求: 1, 可用: 0
2026-04-20 16:19:27,099 - main - ERROR - 订单创建失败 - 订单号: 9991c5f7-2753-4bc4-b9f5-99f912dc8aa4, 原因: 库存不足
